"2018-04-08 08:58:20",INFO,--,"Inserting new Faculty Data :::INSERT INTO tbl_faculty(type,name,designation,qualification,experience,photo) values('Non-Teaching','Kasturi Bhalerao','sad','MSC','1','Kasturi Bhalerao.jpg')",90,/home/dkkkpmba/public_html/dkkkppgs.com/ControlPanel/facultyactions.php
"2018-04-08 08:58:20",INFO,--,"Faculty Data inserted",94,/home/dkkkpmba/public_html/dkkkppgs.com/ControlPanel/facultyactions.php
"2018-04-08 08:58:43",INFO,--,"Updating Faculty Data :::UPDATE tbl_faculty SET type='Non-Teaching',name='Kasturi Bhalerao',designation='Professor',qualification='MSC',experience='1' where id='27'",295,/home/dkkkpmba/public_html/dkkkppgs.com/ControlPanel/facultyactions.php
"2018-04-08 08:58:57",INFO,--,"Deleting Faculty Data :::delete from tbl_faculty where id='27'",196,/home/dkkkpmba/public_html/dkkkppgs.com/ControlPanel/facultyactions.php
"2018-04-08 08:59:22",INFO,--,"Deleting Faculty Data :::delete from tbl_faculty where id='27'",196,/home/dkkkpmba/public_html/dkkkppgs.com/ControlPanel/facultyactions.php
"2018-04-08 08:59:22",INFO,--,"Faculty Data Deleted",198,/home/dkkkpmba/public_html/dkkkppgs.com/ControlPanel/facultyactions.php
"2018-04-08 09:13:29",INFO,--,"Inserting News Data :::INSERT INTO tbl_news(newsdate,subject,description,attachment,image) values('2018-04-08','I Love You Kasturi','sasasada','lavanyatripathi-arihant-fashion-world7.jpg','')",95,/home/dkkkpmba/public_html/dkkkppgs.com/ControlPanel/newsactions.php
"2018-04-08 09:13:29",INFO,--,"News Data inserted",99,/home/dkkkpmba/public_html/dkkkppgs.com/ControlPanel/newsactions.php
"2018-04-08 09:14:38",INFO,--,"Deleting News Data :::delete from tbl_news where id='11'",196,/home/dkkkpmba/public_html/dkkkppgs.com/ControlPanel/newsactions.php
"2018-04-08 09:14:38",INFO,--,"News Data Deleted",198,/home/dkkkpmba/public_html/dkkkppgs.com/ControlPanel/newsactions.php
"2019-12-30 02:22:34",INFO,--,"Inserting new Faculty Data :::INSERT INTO tbl_faculty(type,name,designation,qualification,experience,photo) values('Teaching','Amit bhalerao','Professor','MCA','1','Amit bhalerao.jpg')",90,"C:\wamp64\www\dkkkppgs.com\ControlPanel\facultyactions.php"
"2019-12-30 02:22:34",INFO,--,"Faculty Data inserted",94,"C:\wamp64\www\dkkkppgs.com\ControlPanel\facultyactions.php"
"2019-12-30 02:24:30",INFO,--,"Inserting new Gallery Data :::INSERT INTO tbl_gallery(name,title) values('Penguins.jpg','Test')",74,"C:\wamp64\www\dkkkpharmacy\ControlPanel\galleryactions.php"
"2019-12-30 02:24:30",INFO,--,"Gallery Data inserted",78,"C:\wamp64\www\dkkkpharmacy\ControlPanel\galleryactions.php"
"2019-12-30 02:25:05",INFO,--,"Inserting News Data :::INSERT INTO tbl_news(newsdate,subject,description,attachment,image) values('2019-12-30','Test News','Test NewsTest NewsTest NewsTest NewsTest NewsTest NewsTest NewsTest NewsTest News','','')",95,"C:\wamp64\www\dkkkpharmacy\ControlPanel\newsactions.php"
"2019-12-30 02:25:05",INFO,--,"News Data inserted",99,"C:\wamp64\www\dkkkpharmacy\ControlPanel\newsactions.php"
"2019-12-30 02:25:26",INFO,--,"Deleting News Data :::delete from tbl_news where id='12'",196,"C:\wamp64\www\dkkkpharmacy\ControlPanel\newsactions.php"
"2019-12-30 02:25:26",INFO,--,"News Data Deleted",198,"C:\wamp64\www\dkkkpharmacy\ControlPanel\newsactions.php"
"2020-01-13 16:22:23",INFO,--,"Inserting new Faculty Data :::INSERT INTO tbl_faculty(type,name,designation,qualification,experience,photo) values('Teaching','Test ','Test','Test','1','Test .jpg')",90,/home/dkkkpmba/public_html/phadtarepharmacy.org/testing/ControlPanel/facultyactions.php
"2020-01-13 16:22:23",INFO,--,"Faculty Data inserted",94,/home/dkkkpmba/public_html/phadtarepharmacy.org/testing/ControlPanel/facultyactions.php
"2020-01-13 16:22:44",INFO,--,"Updating Faculty Data :::UPDATE tbl_faculty SET type='Teaching',name='Test ',designation='Test',qualification='Test',experience='10' where id='28'",295,/home/dkkkpmba/public_html/phadtarepharmacy.org/testing/ControlPanel/facultyactions.php
"2020-01-13 16:23:05",INFO,--,"Updating Faculty Data :::UPDATE tbl_faculty SET type='Teaching',name='Test ',designation='Test',qualification='Test',experience='10',photo='Test .jpg' where id='28'",336,/home/dkkkpmba/public_html/phadtarepharmacy.org/testing/ControlPanel/facultyactions.php
"2020-01-13 16:23:15",INFO,--,"Deleting Faculty Data :::delete from tbl_faculty where id='28'",196,/home/dkkkpmba/public_html/phadtarepharmacy.org/testing/ControlPanel/facultyactions.php
"2020-01-13 16:23:15",INFO,--,"Faculty Data Deleted",198,/home/dkkkpmba/public_html/phadtarepharmacy.org/testing/ControlPanel/facultyactions.php
"2020-09-25 06:51:33",INFO,--,"Inserting News Data :::INSERT INTO tbl_news(newsdate,subject,description,attachment,image) values('2020-09-25','Test','Test','','')",95,/home/dkkkpmba/public_html/phadtarepharmacy.org/ControlPanel/newsactions.php
"2020-09-25 06:51:33",INFO,--,"News Data inserted",99,/home/dkkkpmba/public_html/phadtarepharmacy.org/ControlPanel/newsactions.php
"2020-09-25 06:51:56",INFO,--,"Deleting News Data :::delete from tbl_news where id='12'",196,/home/dkkkpmba/public_html/phadtarepharmacy.org/ControlPanel/newsactions.php
"2020-09-25 06:51:56",INFO,--,"News Data Deleted",198,/home/dkkkpmba/public_html/phadtarepharmacy.org/ControlPanel/newsactions.php
"2020-09-27 05:34:34",INFO,--,"Inserting new Gallery Data :::INSERT INTO tbl_gallery(name,title) values('Chrysanthemum.jpg','Test')",74,/home/dkkkpmba/public_html/phadtarepharmacy.org/ControlPanel/galleryactions.php
"2020-09-27 05:34:34",INFO,--,"Gallery Data inserted",78,/home/dkkkpmba/public_html/phadtarepharmacy.org/ControlPanel/galleryactions.php
"2020-10-06 08:00:58",INFO,--,"Updating Faculty Data :::UPDATE tbl_faculty SET type='Teaching',name='K.D.Dhekale',designation='Principal',qualification='M.Pharm Ph.d (a)',experience='4' where id='1'",295,/home/dkkkpmba/public_html/phadtarepharmacy.org/ControlPanel/facultyactions.php
"2020-10-06 08:16:12",INFO,--,"Updating Faculty Data :::UPDATE tbl_faculty SET type='Teaching',name='K.D.Dhekale',designation='Principal',qualification='M.Pharm Ph.d (a)',experience='4',photo='K.D.Dhekale.jpg' where id='1'",336,/home/dkkkpmba/public_html/phadtarepharmacy.org/ControlPanel/facultyactions.php
"2020-10-06 08:21:45",INFO,--,"Updating Faculty Data :::UPDATE tbl_faculty SET type='Teaching',name='Prof. K.D. Dhekale',designation='Principal',qualification='M.Pharm PhD (a)',experience='4' where id='1'",295,/home/dkkkpmba/public_html/phadtarepharmacy.org/ControlPanel/facultyactions.php
"2020-10-06 08:26:33",INFO,--,"Updating Faculty Data :::UPDATE tbl_faculty SET type='Teaching',name='Prof. A.H. Sathe',designation='Leceturer',qualification='M.Pharm',experience='2',photo='Prof. A.H. Sathe.jpg' where id='4'",336,/home/dkkkpmba/public_html/phadtarepharmacy.org/ControlPanel/facultyactions.php
"2020-10-06 08:26:38",INFO,--,"Updating Faculty Data :::UPDATE tbl_faculty SET type='Teaching',name='Prof. A.H. Sathe',designation='Leceturer',qualification='M.Pharm',experience='2',photo='Prof. A.H. Sathe.jpg' where id='4'",336,/home/dkkkpmba/public_html/phadtarepharmacy.org/ControlPanel/facultyactions.php
"2020-10-06 08:32:03",INFO,--,"Updating Faculty Data :::UPDATE tbl_faculty SET type='Teaching',name='Prof. K.D. Dhekale',designation='Principal',qualification='M.Pharm PhD (a)',experience='6' where id='1'",295,/home/dkkkpmba/public_html/phadtarepharmacy.org/ControlPanel/facultyactions.php
"2020-10-09 04:07:01",INFO,--,"Updating Faculty Data :::UPDATE tbl_faculty SET type='Teaching',name='Prof. S.S. Shivpuje',designation='Asst. Prof.',qualification='M.Pharm ',experience='4' where id='2'",295,/home/dkkkpmba/public_html/phadtarepharmacy.org/ControlPanel/facultyactions.php
"2020-10-09 04:09:43",INFO,--,"Updating Faculty Data :::UPDATE tbl_faculty SET type='Teaching',name='Prof. S.S.Pingale',designation='Asst. Prof.',qualification='M.Pharm',experience='2',photo='Prof. S.S.Pingale.jpg' where id='3'",336,/home/dkkkpmba/public_html/phadtarepharmacy.org/ControlPanel/facultyactions.php
"2020-10-09 04:16:11",INFO,--,"Updating Faculty Data :::UPDATE tbl_faculty SET type='Teaching',name='Prof. M. R. Deokar',designation='Asst. Prof.',qualification='M.Pharm',experience='2',photo='Prof. M. R. Deokar.jpg' where id='7'",336,/home/dkkkpmba/public_html/phadtarepharmacy.org/ControlPanel/facultyactions.php
"2020-10-09 05:48:51",INFO,--,"Updating Faculty Data :::UPDATE tbl_faculty SET type='Teaching',name='Prof. A.H. Sathe',designation='Asst. Prof.',qualification='M.Pharm',experience='2' where id='4'",295,/home/dkkkpmba/public_html/phadtarepharmacy.org/ControlPanel/facultyactions.php
"2020-10-09 05:52:19",INFO,--,"Updating Faculty Data :::UPDATE tbl_faculty SET type='Teaching',name='Prof. A.H. Chandanshive',designation='Asst. Prof.',qualification='M.Pharm',experience='1' where id='8'",295,/home/dkkkpmba/public_html/phadtarepharmacy.org/ControlPanel/facultyactions.php
"2020-10-09 06:01:18",INFO,--,"Updating Faculty Data :::UPDATE tbl_faculty SET type='Teaching',name='Prof. M. R. Deokar',designation='Asst. Prof.',qualification='M.Pharm',experience='4' where id='7'",295,/home/dkkkpmba/public_html/phadtarepharmacy.org/ControlPanel/facultyactions.php
"2020-10-13 12:44:57",INFO,--,"Inserting News Data :::INSERT INTO tbl_news(newsdate,subject,description,attachment,image) values('2020-10-13','Test news','Tesing','','')",95,/home/dkkkpmba/public_html/phadtarepharmacy.org/ControlPanel/newsactions.php
"2020-10-13 12:44:57",INFO,--,"News Data inserted",99,/home/dkkkpmba/public_html/phadtarepharmacy.org/ControlPanel/newsactions.php
"2020-10-13 14:25:28",INFO,--,"Deleting News Data :::delete from tbl_news where id='13'",196,/home/dkkkpmba/public_html/phadtarepharmacy.org/ControlPanel/newsactions.php
"2020-10-13 14:25:28",INFO,--,"News Data Deleted",198,/home/dkkkpmba/public_html/phadtarepharmacy.org/ControlPanel/newsactions.php
